<?xml version="1.0" encoding="UTF-8"?>
<!-- Generated by org.testng.reporters.JUnitXMLReporter -->
<testsuite ignored="2" hostname="paytras" failures="0" tests="1" name="Default test" time="27.24" errors="0" timestamp="2022-10-03T07:36:55 MSK">
  <testcase classname="tests.Tests" name="testThree" time="5.529"/>
  <testcase classname="tests.Tests" name="testOne" time="0.0">
    <ignored/>
  </testcase> <!-- testOne -->
  <testcase classname="tests.Tests" name="testTwo" time="0.0">
    <ignored/>
  </testcase> <!-- testTwo -->
</testsuite> <!-- Default test -->
