<?xml version="1.0" encoding="UTF-8"?>
<testng-results ignored="2" total="3" passed="1" failed="0" skipped="0">
  <reporter-output>
  </reporter-output>
  <suite started-at="2022-10-03T07:36:28 MSK" name="Default suite" finished-at="2022-10-03T07:36:55 MSK" duration-ms="27240">
    <groups>
    </groups>
    <test started-at="2022-10-03T07:36:28 MSK" name="Default test" finished-at="2022-10-03T07:36:55 MSK" duration-ms="27240">
      <class name="tests.Tests">
        <test-method is-config="true" signature="setup()[pri:0, instance:tests.Tests@54422e18]" started-at="2022-10-03T07:36:28 MSK" name="setup" finished-at="2022-10-03T07:36:43 MSK" duration-ms="15336" status="PASS">
          <reporter-output>
          </reporter-output>
        </test-method> <!-- setup -->
        <test-method signature="testThree()[pri:0, instance:tests.Tests@54422e18]" started-at="2022-10-03T07:36:43 MSK" name="testThree" finished-at="2022-10-03T07:36:49 MSK" duration-ms="5529" status="PASS">
          <reporter-output>
          </reporter-output>
        </test-method> <!-- testThree -->
        <test-method is-config="true" signature="teardown()[pri:0, instance:tests.Tests@54422e18]" started-at="2022-10-03T07:36:49 MSK" name="teardown" finished-at="2022-10-03T07:36:55 MSK" duration-ms="6225" status="PASS">
          <reporter-output>
          </reporter-output>
        </test-method> <!-- teardown -->
      </class> <!-- tests.Tests -->
    </test> <!-- Default test -->
  </suite> <!-- Default suite -->
</testng-results>
